<component name="libraryTable">
  <library name="junit-4.9b21">
    <CLASSES>
      <root url="jar://D:/project workspace/core-dev/plugins/portlets/site-search-portlet/test/lib/junit-4.9b2.jar!/" />
    </CLASSES>
    <JAVADOC />
    <SOURCES />
  </library>
</component>