<component name="libraryTable">
  <library name="junit-4.9b2">
    <CLASSES>
      <root url="jar://D:/project workspace/core-dev/projects/ep-service-api/tool/test/lib/junit-4.9b2.jar!/" />
    </CLASSES>
    <JAVADOC />
    <SOURCES />
  </library>
</component>